<?xml version="1.0" encoding="UTF-8"?>
<!-- Generated by org.testng.reporters.JUnitReportReporter -->
<testsuite hostname="Dyans-MacBook-Pro.local" failures="0" tests="2" name="medicare.Appium.MultipleTest" time="8.467" errors="0" timestamp="2024-07-24T08:50:34 EDT" skipped="0">
  <testcase classname="medicare.Appium.MultipleTest" name="SearchInventoryTest" time="1.316"/>
  <testcase classname="medicare.Appium.MultipleTest" name="LoginSuccessTest" time="7.151"/>
</testsuite> <!-- medicare.Appium.MultipleTest -->
