<?xml version="1.0" encoding="UTF-8"?>
<!-- Generated by org.testng.reporters.JUnitReportReporter -->
<testsuite hostname="Dyans-MacBook-Pro.local" failures="0" tests="2" name="medicare.Appium.RegistrationTest" time="16.967" errors="0" timestamp="2024-07-26T16:43:53 EDT" skipped="0">
  <testcase classname="medicare.Appium.RegistrationTest" name="SubmitEmptyRegistrationTest" time="12.219"/>
  <testcase classname="medicare.Appium.RegistrationTest" name="RegistrationSuccessTest" time="4.748"/>
</testsuite> <!-- medicare.Appium.RegistrationTest -->
