<?xml version="1.0" encoding="UTF-8"?>
<!-- Generated by org.testng.reporters.JUnitReportReporter -->
<testsuite hostname="Dyans-MacBook-Pro.local" failures="0" tests="3" name="medicare.Appium.OrderTest" time="20.178" errors="0" timestamp="2024-07-26T17:01:55 EDT" skipped="0">
  <testcase classname="medicare.Appium.OrderTest" name="SubmitEmptyOrderTest" time="10.745"/>
  <testcase classname="medicare.Appium.OrderTest" name="AddOrderTest" time="8.146"/>
  <testcase classname="medicare.Appium.OrderTest" name="SearchOrderTest" time="1.287"/>
</testsuite> <!-- medicare.Appium.OrderTest -->
