<?xml version="1.0" encoding="UTF-8"?>
<!-- Generated by org.testng.reporters.JUnitReportReporter -->
<testsuite hostname="Dyans-MacBook-Pro.local" failures="0" tests="4" name="medicare.Appium.DistributionTest" time="43.597" errors="0" timestamp="2024-07-26T17:16:48 EDT" skipped="0">
  <testcase classname="medicare.Appium.DistributionTest" name="SubmitEmptyDistributionTest" time="14.168"/>
  <testcase classname="medicare.Appium.DistributionTest" name="AddDistributionTest" time="13.012"/>
  <testcase classname="medicare.Appium.DistributionTest" name="AddDuplicateDistributionTest" time="13.159"/>
  <testcase classname="medicare.Appium.DistributionTest" name="SearchDistributionTest" time="3.258"/>
</testsuite> <!-- medicare.Appium.DistributionTest -->
