<?xml version="1.0" encoding="UTF-8"?>
<!-- Generated by org.testng.reporters.JUnitReportReporter -->
<testsuite hostname="Dyans-MacBook-Pro.local" failures="0" tests="3" name="medicare.Appium.InventoryTest" time="20.593" errors="0" timestamp="2024-07-26T16:01:31 EDT" skipped="0">
  <testcase classname="medicare.Appium.InventoryTest" name="SubmitEmptyInventoryTest" time="10.052"/>
  <testcase classname="medicare.Appium.InventoryTest" name="AddInventoryTest" time="7.241"/>
  <testcase classname="medicare.Appium.InventoryTest" name="SearchInventoryTest" time="3.300"/>
</testsuite> <!-- medicare.Appium.InventoryTest -->
