<?xml version="1.0" encoding="UTF-8"?>
<!-- Generated by org.testng.reporters.JUnitReportReporter -->
<testsuite hostname="Dyans-MacBook-Pro.local" failures="0" tests="4" name="medicare.Appium.LoginFailedTest" time="13.494" errors="0" timestamp="2024-07-26T16:36:52 EDT" skipped="0">
  <testcase classname="medicare.Appium.LoginFailedTest" name="invalidPasswordFormatTest" time="2.301"/>
  <testcase classname="medicare.Appium.LoginFailedTest" name="invalidEmailFormatTest" time="4.836"/>
  <testcase classname="medicare.Appium.LoginFailedTest" name="unauthorizedPasswordTest" time="3.273"/>
  <testcase classname="medicare.Appium.LoginFailedTest" name="unauthorizedUserTest" time="3.084"/>
</testsuite> <!-- medicare.Appium.LoginFailedTest -->
