<?xml version="1.0" encoding="UTF-8"?>
<!-- Generated by org.testng.reporters.JUnitReportReporter -->
<testsuite hostname="Dyans-MacBook-Pro.local" failures="0" tests="2" name="medicare.Appium.ReportsTest" time="16.486" errors="0" timestamp="2024-07-26T18:35:08 EDT" skipped="0">
  <testcase classname="medicare.Appium.ReportsTest" name="SubmitEmptyReportTest" time="13.265"/>
  <testcase classname="medicare.Appium.ReportsTest" name="SubmitReportTest" time="3.221"/>
</testsuite> <!-- medicare.Appium.ReportsTest -->
