<?xml version="1.0" encoding="UTF-8"?>
<!-- Generated by org.testng.reporters.JUnitReportReporter -->
<testsuite hostname="Dyans-MacBook-Pro.local" failures="0" tests="1" name="medicare.Appium.LoginSuccess" time="6.550" errors="0" timestamp="2024-07-26T16:38:24 EDT" skipped="0">
  <testcase classname="medicare.Appium.LoginSuccess" name="LoginSuccessTest" time="6.550"/>
</testsuite> <!-- medicare.Appium.LoginSuccess -->
